DEB [20180131-14:00:42.169] thr=1   paramiko.transport: starting thread (client mode): 0xbd5e3780
DEB [20180131-14:00:42.171] thr=1   paramiko.transport: Local version/idstring: SSH-2.0-paramiko_2.3.1
DEB [20180131-14:00:42.177] thr=1   paramiko.transport: Remote version/idstring: SSH-2.0-OpenSSH_5.3
INF [20180131-14:00:42.177] thr=1   paramiko.transport: Connected (version 2.0, client OpenSSH_5.3)
DEB [20180131-14:00:42.179] thr=1   paramiko.transport: kex algos:['diffie-hellman-group-exchange-sha256', 'diffie-hellman-group-exchange-sha1', 'diffie-hellman-group14-sha1', 'diffie-hellman-group1-sha1'] server key:['ssh-rsa', 'ssh-dss'] client encrypt:['aes128-ctr', 'aes192-ctr', 'aes256-ctr', 'arcfour256', 'arcfour128', 'aes128-cbc', '3des-cbc', 'blowfish-cbc', 'cast128-cbc', 'aes192-cbc', 'aes256-cbc', 'arcfour', 'rijndael-cbc@lysator.liu.se'] server encrypt:['aes128-ctr', 'aes192-ctr', 'aes256-ctr', 'arcfour256', 'arcfour128', 'aes128-cbc', '3des-cbc', 'blowfish-cbc', 'cast128-cbc', 'aes192-cbc', 'aes256-cbc', 'arcfour', 'rijndael-cbc@lysator.liu.se'] client mac:['hmac-md5', 'hmac-sha1', 'umac-64@openssh.com', 'hmac-sha2-256', 'hmac-sha2-512', 'hmac-ripemd160', 'hmac-ripemd160@openssh.com', 'hmac-sha1-96', 'hmac-md5-96'] server mac:['hmac-md5', 'hmac-sha1', 'umac-64@openssh.com', 'hmac-sha2-256', 'hmac-sha2-512', 'hmac-ripemd160', 'hmac-ripemd160@openssh.com', 'hmac-sha1-96', 'hmac-md5-96'] client compress:['none', 'zlib@openssh.com'] server compress:['none', 'zlib@openssh.com'] client lang:[''] server lang:[''] kex follows?False
DEB [20180131-14:00:42.182] thr=1   paramiko.transport: Kex agreed: diffie-hellman-group-exchange-sha256
DEB [20180131-14:00:42.182] thr=1   paramiko.transport: HostKey agreed: ssh-rsa
DEB [20180131-14:00:42.182] thr=1   paramiko.transport: Cipher agreed: aes128-ctr
DEB [20180131-14:00:42.182] thr=1   paramiko.transport: MAC agreed: hmac-sha2-256
DEB [20180131-14:00:42.182] thr=1   paramiko.transport: Compression agreed: none
DEB [20180131-14:00:42.184] thr=1   paramiko.transport: Got server p (2048 bits)
DEB [20180131-14:00:42.651] thr=1   paramiko.transport: kex engine KexGexSHA256 specified hash_algo <built-in function openssl_sha256>
DEB [20180131-14:00:42.652] thr=1   paramiko.transport: Switch to new keys ...
DEB [20180131-14:00:52.918] thr=1   paramiko.transport: userauth is OK
INF [20180131-14:00:52.957] thr=1   paramiko.transport: Authentication (password) successful!
DEB [20180131-14:00:52.957] thr=2   paramiko.transport: [chan 0] Max packet in: 32768 bytes
DEB [20180131-14:00:52.959] thr=1   paramiko.transport: [chan 0] Max packet out: 32768 bytes
DEB [20180131-14:00:52.960] thr=1   paramiko.transport: Secsh channel 0 opened.
DEB [20180131-14:00:52.961] thr=1   paramiko.transport: [chan 0] Sesch channel 0 request ok
DEB [20180131-14:00:52.962] thr=1   paramiko.transport: [chan 0] Sesch channel 0 request ok
DEB [20180131-14:02:00.043] thr=2   paramiko.transport: [chan 0] EOF sent (0)
DEB [20180131-14:02:00.045] thr=1   paramiko.transport: EOF in transport thread
DEB [20180131-14:04:04.782] thr=1   paramiko.transport: starting thread (client mode): 0x6083828
DEB [20180131-14:04:04.784] thr=1   paramiko.transport: Local version/idstring: SSH-2.0-paramiko_2.3.1
DEB [20180131-14:04:04.788] thr=1   paramiko.transport: Remote version/idstring: SSH-2.0-OpenSSH_5.3
INF [20180131-14:04:04.788] thr=1   paramiko.transport: Connected (version 2.0, client OpenSSH_5.3)
DEB [20180131-14:04:04.790] thr=1   paramiko.transport: kex algos:['diffie-hellman-group-exchange-sha256', 'diffie-hellman-group-exchange-sha1', 'diffie-hellman-group14-sha1', 'diffie-hellman-group1-sha1'] server key:['ssh-rsa', 'ssh-dss'] client encrypt:['aes128-ctr', 'aes192-ctr', 'aes256-ctr', 'arcfour256', 'arcfour128', 'aes128-cbc', '3des-cbc', 'blowfish-cbc', 'cast128-cbc', 'aes192-cbc', 'aes256-cbc', 'arcfour', 'rijndael-cbc@lysator.liu.se'] server encrypt:['aes128-ctr', 'aes192-ctr', 'aes256-ctr', 'arcfour256', 'arcfour128', 'aes128-cbc', '3des-cbc', 'blowfish-cbc', 'cast128-cbc', 'aes192-cbc', 'aes256-cbc', 'arcfour', 'rijndael-cbc@lysator.liu.se'] client mac:['hmac-md5', 'hmac-sha1', 'umac-64@openssh.com', 'hmac-sha2-256', 'hmac-sha2-512', 'hmac-ripemd160', 'hmac-ripemd160@openssh.com', 'hmac-sha1-96', 'hmac-md5-96'] server mac:['hmac-md5', 'hmac-sha1', 'umac-64@openssh.com', 'hmac-sha2-256', 'hmac-sha2-512', 'hmac-ripemd160', 'hmac-ripemd160@openssh.com', 'hmac-sha1-96', 'hmac-md5-96'] client compress:['none', 'zlib@openssh.com'] server compress:['none', 'zlib@openssh.com'] client lang:[''] server lang:[''] kex follows?False
DEB [20180131-14:04:04.790] thr=1   paramiko.transport: Kex agreed: diffie-hellman-group-exchange-sha256
DEB [20180131-14:04:04.790] thr=1   paramiko.transport: HostKey agreed: ssh-rsa
DEB [20180131-14:04:04.790] thr=1   paramiko.transport: Cipher agreed: aes128-ctr
DEB [20180131-14:04:04.790] thr=1   paramiko.transport: MAC agreed: hmac-sha2-256
DEB [20180131-14:04:04.790] thr=1   paramiko.transport: Compression agreed: none
DEB [20180131-14:04:04.791] thr=1   paramiko.transport: Got server p (2048 bits)
DEB [20180131-14:04:04.896] thr=1   paramiko.transport: kex engine KexGexSHA256 specified hash_algo <built-in function openssl_sha256>
DEB [20180131-14:04:04.896] thr=1   paramiko.transport: Switch to new keys ...
DEB [20180131-14:04:10.870] thr=1   paramiko.transport: userauth is OK
INF [20180131-14:04:10.877] thr=1   paramiko.transport: Authentication (password) successful!
DEB [20180131-14:04:10.877] thr=2   paramiko.transport: [chan 0] Max packet in: 32768 bytes
DEB [20180131-14:04:10.879] thr=1   paramiko.transport: [chan 0] Max packet out: 32768 bytes
DEB [20180131-14:04:10.879] thr=1   paramiko.transport: Secsh channel 0 opened.
DEB [20180131-14:04:10.880] thr=1   paramiko.transport: [chan 0] Sesch channel 0 request ok
DEB [20180131-14:04:10.882] thr=1   paramiko.transport: [chan 0] Sesch channel 0 request ok
DEB [20180131-16:46:39.346] thr=1   paramiko.transport: starting thread (client mode): 0x6fb03828
DEB [20180131-16:46:39.347] thr=1   paramiko.transport: Local version/idstring: SSH-2.0-paramiko_2.3.1
DEB [20180131-16:46:39.350] thr=1   paramiko.transport: Remote version/idstring: SSH-2.0-OpenSSH_5.3
INF [20180131-16:46:39.350] thr=1   paramiko.transport: Connected (version 2.0, client OpenSSH_5.3)
DEB [20180131-16:46:39.351] thr=1   paramiko.transport: kex algos:['diffie-hellman-group-exchange-sha256', 'diffie-hellman-group-exchange-sha1', 'diffie-hellman-group14-sha1', 'diffie-hellman-group1-sha1'] server key:['ssh-rsa', 'ssh-dss'] client encrypt:['aes128-ctr', 'aes192-ctr', 'aes256-ctr', 'arcfour256', 'arcfour128', 'aes128-cbc', '3des-cbc', 'blowfish-cbc', 'cast128-cbc', 'aes192-cbc', 'aes256-cbc', 'arcfour', 'rijndael-cbc@lysator.liu.se'] server encrypt:['aes128-ctr', 'aes192-ctr', 'aes256-ctr', 'arcfour256', 'arcfour128', 'aes128-cbc', '3des-cbc', 'blowfish-cbc', 'cast128-cbc', 'aes192-cbc', 'aes256-cbc', 'arcfour', 'rijndael-cbc@lysator.liu.se'] client mac:['hmac-md5', 'hmac-sha1', 'umac-64@openssh.com', 'hmac-sha2-256', 'hmac-sha2-512', 'hmac-ripemd160', 'hmac-ripemd160@openssh.com', 'hmac-sha1-96', 'hmac-md5-96'] server mac:['hmac-md5', 'hmac-sha1', 'umac-64@openssh.com', 'hmac-sha2-256', 'hmac-sha2-512', 'hmac-ripemd160', 'hmac-ripemd160@openssh.com', 'hmac-sha1-96', 'hmac-md5-96'] client compress:['none', 'zlib@openssh.com'] server compress:['none', 'zlib@openssh.com'] client lang:[''] server lang:[''] kex follows?False
DEB [20180131-16:46:39.351] thr=1   paramiko.transport: Kex agreed: diffie-hellman-group-exchange-sha256
DEB [20180131-16:46:39.351] thr=1   paramiko.transport: HostKey agreed: ssh-rsa
DEB [20180131-16:46:39.351] thr=1   paramiko.transport: Cipher agreed: aes128-ctr
DEB [20180131-16:46:39.351] thr=1   paramiko.transport: MAC agreed: hmac-sha2-256
DEB [20180131-16:46:39.351] thr=1   paramiko.transport: Compression agreed: none
DEB [20180131-16:46:39.352] thr=1   paramiko.transport: Got server p (2048 bits)
DEB [20180131-16:46:39.463] thr=1   paramiko.transport: kex engine KexGexSHA256 specified hash_algo <built-in function openssl_sha256>
DEB [20180131-16:46:39.464] thr=1   paramiko.transport: Switch to new keys ...
DEB [20180131-16:46:51.824] thr=1   paramiko.transport: userauth is OK
INF [20180131-16:46:51.830] thr=1   paramiko.transport: Authentication (password) successful!
DEB [20180131-16:46:51.831] thr=2   paramiko.transport: [chan 0] Max packet in: 32768 bytes
DEB [20180131-16:46:51.832] thr=1   paramiko.transport: [chan 0] Max packet out: 32768 bytes
DEB [20180131-16:46:51.832] thr=1   paramiko.transport: Secsh channel 0 opened.
DEB [20180131-16:46:51.833] thr=1   paramiko.transport: [chan 0] Sesch channel 0 request ok
DEB [20180131-16:46:51.835] thr=1   paramiko.transport: [chan 0] Sesch channel 0 request ok
DEB [20180131-16:51:35.443] thr=1   paramiko.transport: EOF in transport thread
DEB [20180131-16:51:48.281] thr=1   paramiko.transport: starting thread (client mode): 0x95163828
DEB [20180131-16:51:48.282] thr=1   paramiko.transport: Local version/idstring: SSH-2.0-paramiko_2.3.1
DEB [20180131-16:51:48.284] thr=1   paramiko.transport: Remote version/idstring: SSH-2.0-OpenSSH_5.3
INF [20180131-16:51:48.284] thr=1   paramiko.transport: Connected (version 2.0, client OpenSSH_5.3)
DEB [20180131-16:51:48.285] thr=1   paramiko.transport: kex algos:['diffie-hellman-group-exchange-sha256', 'diffie-hellman-group-exchange-sha1', 'diffie-hellman-group14-sha1', 'diffie-hellman-group1-sha1'] server key:['ssh-rsa', 'ssh-dss'] client encrypt:['aes128-ctr', 'aes192-ctr', 'aes256-ctr', 'arcfour256', 'arcfour128', 'aes128-cbc', '3des-cbc', 'blowfish-cbc', 'cast128-cbc', 'aes192-cbc', 'aes256-cbc', 'arcfour', 'rijndael-cbc@lysator.liu.se'] server encrypt:['aes128-ctr', 'aes192-ctr', 'aes256-ctr', 'arcfour256', 'arcfour128', 'aes128-cbc', '3des-cbc', 'blowfish-cbc', 'cast128-cbc', 'aes192-cbc', 'aes256-cbc', 'arcfour', 'rijndael-cbc@lysator.liu.se'] client mac:['hmac-md5', 'hmac-sha1', 'umac-64@openssh.com', 'hmac-sha2-256', 'hmac-sha2-512', 'hmac-ripemd160', 'hmac-ripemd160@openssh.com', 'hmac-sha1-96', 'hmac-md5-96'] server mac:['hmac-md5', 'hmac-sha1', 'umac-64@openssh.com', 'hmac-sha2-256', 'hmac-sha2-512', 'hmac-ripemd160', 'hmac-ripemd160@openssh.com', 'hmac-sha1-96', 'hmac-md5-96'] client compress:['none', 'zlib@openssh.com'] server compress:['none', 'zlib@openssh.com'] client lang:[''] server lang:[''] kex follows?False
DEB [20180131-16:51:48.285] thr=1   paramiko.transport: Kex agreed: diffie-hellman-group-exchange-sha256
DEB [20180131-16:51:48.285] thr=1   paramiko.transport: HostKey agreed: ssh-rsa
DEB [20180131-16:51:48.285] thr=1   paramiko.transport: Cipher agreed: aes128-ctr
DEB [20180131-16:51:48.286] thr=1   paramiko.transport: MAC agreed: hmac-sha2-256
DEB [20180131-16:51:48.286] thr=1   paramiko.transport: Compression agreed: none
DEB [20180131-16:51:48.287] thr=1   paramiko.transport: Got server p (2048 bits)
DEB [20180131-16:51:48.394] thr=1   paramiko.transport: kex engine KexGexSHA256 specified hash_algo <built-in function openssl_sha256>
DEB [20180131-16:51:48.394] thr=1   paramiko.transport: Switch to new keys ...
DEB [20180131-16:51:54.831] thr=1   paramiko.transport: userauth is OK
INF [20180131-16:51:54.840] thr=1   paramiko.transport: Authentication (password) successful!
DEB [20180131-16:51:54.840] thr=2   paramiko.transport: [chan 0] Max packet in: 32768 bytes
DEB [20180131-16:51:54.842] thr=1   paramiko.transport: [chan 0] Max packet out: 32768 bytes
DEB [20180131-16:51:54.842] thr=1   paramiko.transport: Secsh channel 0 opened.
DEB [20180131-16:51:54.842] thr=1   paramiko.transport: [chan 0] Sesch channel 0 request ok
DEB [20180131-16:51:54.844] thr=1   paramiko.transport: [chan 0] Sesch channel 0 request ok
DEB [20180131-17:11:13.078] thr=1   paramiko.transport: [chan 0] EOF received (0)
DEB [20180131-17:11:13.080] thr=1   paramiko.transport: [chan 0] EOF sent (0)
DEB [20180131-17:11:14.223] thr=1   paramiko.transport: EOF in transport thread
DEB [20180131-17:11:29.530] thr=1   paramiko.transport: starting thread (client mode): 0x611f37f0
DEB [20180131-17:11:29.531] thr=1   paramiko.transport: Local version/idstring: SSH-2.0-paramiko_2.3.1
DEB [20180131-17:11:29.534] thr=1   paramiko.transport: Remote version/idstring: SSH-2.0-OpenSSH_5.3
INF [20180131-17:11:29.534] thr=1   paramiko.transport: Connected (version 2.0, client OpenSSH_5.3)
DEB [20180131-17:11:29.535] thr=1   paramiko.transport: kex algos:['diffie-hellman-group-exchange-sha256', 'diffie-hellman-group-exchange-sha1', 'diffie-hellman-group14-sha1', 'diffie-hellman-group1-sha1'] server key:['ssh-rsa', 'ssh-dss'] client encrypt:['aes128-ctr', 'aes192-ctr', 'aes256-ctr', 'arcfour256', 'arcfour128', 'aes128-cbc', '3des-cbc', 'blowfish-cbc', 'cast128-cbc', 'aes192-cbc', 'aes256-cbc', 'arcfour', 'rijndael-cbc@lysator.liu.se'] server encrypt:['aes128-ctr', 'aes192-ctr', 'aes256-ctr', 'arcfour256', 'arcfour128', 'aes128-cbc', '3des-cbc', 'blowfish-cbc', 'cast128-cbc', 'aes192-cbc', 'aes256-cbc', 'arcfour', 'rijndael-cbc@lysator.liu.se'] client mac:['hmac-md5', 'hmac-sha1', 'umac-64@openssh.com', 'hmac-sha2-256', 'hmac-sha2-512', 'hmac-ripemd160', 'hmac-ripemd160@openssh.com', 'hmac-sha1-96', 'hmac-md5-96'] server mac:['hmac-md5', 'hmac-sha1', 'umac-64@openssh.com', 'hmac-sha2-256', 'hmac-sha2-512', 'hmac-ripemd160', 'hmac-ripemd160@openssh.com', 'hmac-sha1-96', 'hmac-md5-96'] client compress:['none', 'zlib@openssh.com'] server compress:['none', 'zlib@openssh.com'] client lang:[''] server lang:[''] kex follows?False
DEB [20180131-17:11:29.535] thr=1   paramiko.transport: Kex agreed: diffie-hellman-group-exchange-sha256
DEB [20180131-17:11:29.535] thr=1   paramiko.transport: HostKey agreed: ssh-rsa
DEB [20180131-17:11:29.535] thr=1   paramiko.transport: Cipher agreed: aes128-ctr
DEB [20180131-17:11:29.535] thr=1   paramiko.transport: MAC agreed: hmac-sha2-256
DEB [20180131-17:11:29.535] thr=1   paramiko.transport: Compression agreed: none
DEB [20180131-17:11:29.536] thr=1   paramiko.transport: Got server p (2048 bits)
DEB [20180131-17:11:29.640] thr=1   paramiko.transport: kex engine KexGexSHA256 specified hash_algo <built-in function openssl_sha256>
DEB [20180131-17:11:29.640] thr=1   paramiko.transport: Switch to new keys ...
DEB [20180131-17:11:38.497] thr=1   paramiko.transport: userauth is OK
INF [20180131-17:11:40.291] thr=1   paramiko.transport: Authentication (password) failed.
DEB [20180131-17:11:40.324] thr=1   paramiko.transport: EOF in transport thread
DEB [20180131-17:11:45.383] thr=1   paramiko.transport: starting thread (client mode): 0x6e6a27f0
DEB [20180131-17:11:45.384] thr=1   paramiko.transport: Local version/idstring: SSH-2.0-paramiko_2.3.1
DEB [20180131-17:11:45.385] thr=1   paramiko.transport: Remote version/idstring: SSH-2.0-OpenSSH_5.3
INF [20180131-17:11:45.385] thr=1   paramiko.transport: Connected (version 2.0, client OpenSSH_5.3)
DEB [20180131-17:11:45.386] thr=1   paramiko.transport: kex algos:['diffie-hellman-group-exchange-sha256', 'diffie-hellman-group-exchange-sha1', 'diffie-hellman-group14-sha1', 'diffie-hellman-group1-sha1'] server key:['ssh-rsa', 'ssh-dss'] client encrypt:['aes128-ctr', 'aes192-ctr', 'aes256-ctr', 'arcfour256', 'arcfour128', 'aes128-cbc', '3des-cbc', 'blowfish-cbc', 'cast128-cbc', 'aes192-cbc', 'aes256-cbc', 'arcfour', 'rijndael-cbc@lysator.liu.se'] server encrypt:['aes128-ctr', 'aes192-ctr', 'aes256-ctr', 'arcfour256', 'arcfour128', 'aes128-cbc', '3des-cbc', 'blowfish-cbc', 'cast128-cbc', 'aes192-cbc', 'aes256-cbc', 'arcfour', 'rijndael-cbc@lysator.liu.se'] client mac:['hmac-md5', 'hmac-sha1', 'umac-64@openssh.com', 'hmac-sha2-256', 'hmac-sha2-512', 'hmac-ripemd160', 'hmac-ripemd160@openssh.com', 'hmac-sha1-96', 'hmac-md5-96'] server mac:['hmac-md5', 'hmac-sha1', 'umac-64@openssh.com', 'hmac-sha2-256', 'hmac-sha2-512', 'hmac-ripemd160', 'hmac-ripemd160@openssh.com', 'hmac-sha1-96', 'hmac-md5-96'] client compress:['none', 'zlib@openssh.com'] server compress:['none', 'zlib@openssh.com'] client lang:[''] server lang:[''] kex follows?False
DEB [20180131-17:11:45.386] thr=1   paramiko.transport: Kex agreed: diffie-hellman-group-exchange-sha256
DEB [20180131-17:11:45.386] thr=1   paramiko.transport: HostKey agreed: ssh-rsa
DEB [20180131-17:11:45.386] thr=1   paramiko.transport: Cipher agreed: aes128-ctr
DEB [20180131-17:11:45.386] thr=1   paramiko.transport: MAC agreed: hmac-sha2-256
DEB [20180131-17:11:45.386] thr=1   paramiko.transport: Compression agreed: none
DEB [20180131-17:11:45.387] thr=1   paramiko.transport: Got server p (2048 bits)
DEB [20180131-17:11:45.492] thr=1   paramiko.transport: kex engine KexGexSHA256 specified hash_algo <built-in function openssl_sha256>
DEB [20180131-17:11:45.492] thr=1   paramiko.transport: Switch to new keys ...
DEB [20180131-17:11:51.026] thr=1   paramiko.transport: userauth is OK
INF [20180131-17:11:51.032] thr=1   paramiko.transport: Authentication (password) successful!
DEB [20180131-17:11:51.032] thr=2   paramiko.transport: [chan 0] Max packet in: 32768 bytes
DEB [20180131-17:11:51.034] thr=1   paramiko.transport: [chan 0] Max packet out: 32768 bytes
DEB [20180131-17:11:51.034] thr=1   paramiko.transport: Secsh channel 0 opened.
DEB [20180131-17:11:51.035] thr=1   paramiko.transport: [chan 0] Sesch channel 0 request ok
DEB [20180131-17:11:51.038] thr=1   paramiko.transport: [chan 0] Sesch channel 0 request ok
DEB [20180131-17:12:56.934] thr=1   paramiko.transport: [chan 0] EOF received (0)
DEB [20180131-17:12:56.934] thr=1   paramiko.transport: [chan 0] EOF sent (0)
DEB [20180131-17:12:57.606] thr=1   paramiko.transport: EOF in transport thread
DEB [20180131-17:13:03.443] thr=1   paramiko.transport: starting thread (client mode): 0xed8c37f0
DEB [20180131-17:13:03.444] thr=1   paramiko.transport: Local version/idstring: SSH-2.0-paramiko_2.3.1
DEB [20180131-17:13:03.446] thr=1   paramiko.transport: Remote version/idstring: SSH-2.0-OpenSSH_5.3
INF [20180131-17:13:03.446] thr=1   paramiko.transport: Connected (version 2.0, client OpenSSH_5.3)
DEB [20180131-17:13:03.447] thr=1   paramiko.transport: kex algos:['diffie-hellman-group-exchange-sha256', 'diffie-hellman-group-exchange-sha1', 'diffie-hellman-group14-sha1', 'diffie-hellman-group1-sha1'] server key:['ssh-rsa', 'ssh-dss'] client encrypt:['aes128-ctr', 'aes192-ctr', 'aes256-ctr', 'arcfour256', 'arcfour128', 'aes128-cbc', '3des-cbc', 'blowfish-cbc', 'cast128-cbc', 'aes192-cbc', 'aes256-cbc', 'arcfour', 'rijndael-cbc@lysator.liu.se'] server encrypt:['aes128-ctr', 'aes192-ctr', 'aes256-ctr', 'arcfour256', 'arcfour128', 'aes128-cbc', '3des-cbc', 'blowfish-cbc', 'cast128-cbc', 'aes192-cbc', 'aes256-cbc', 'arcfour', 'rijndael-cbc@lysator.liu.se'] client mac:['hmac-md5', 'hmac-sha1', 'umac-64@openssh.com', 'hmac-sha2-256', 'hmac-sha2-512', 'hmac-ripemd160', 'hmac-ripemd160@openssh.com', 'hmac-sha1-96', 'hmac-md5-96'] server mac:['hmac-md5', 'hmac-sha1', 'umac-64@openssh.com', 'hmac-sha2-256', 'hmac-sha2-512', 'hmac-ripemd160', 'hmac-ripemd160@openssh.com', 'hmac-sha1-96', 'hmac-md5-96'] client compress:['none', 'zlib@openssh.com'] server compress:['none', 'zlib@openssh.com'] client lang:[''] server lang:[''] kex follows?False
DEB [20180131-17:13:03.447] thr=1   paramiko.transport: Kex agreed: diffie-hellman-group-exchange-sha256
DEB [20180131-17:13:03.447] thr=1   paramiko.transport: HostKey agreed: ssh-rsa
DEB [20180131-17:13:03.448] thr=1   paramiko.transport: Cipher agreed: aes128-ctr
DEB [20180131-17:13:03.448] thr=1   paramiko.transport: MAC agreed: hmac-sha2-256
DEB [20180131-17:13:03.448] thr=1   paramiko.transport: Compression agreed: none
DEB [20180131-17:13:03.449] thr=1   paramiko.transport: Got server p (2048 bits)
DEB [20180131-17:13:03.553] thr=1   paramiko.transport: kex engine KexGexSHA256 specified hash_algo <built-in function openssl_sha256>
DEB [20180131-17:13:03.553] thr=1   paramiko.transport: Switch to new keys ...
DEB [20180131-17:13:08.977] thr=1   paramiko.transport: userauth is OK
INF [20180131-17:13:08.982] thr=1   paramiko.transport: Authentication (password) successful!
DEB [20180131-17:13:08.982] thr=2   paramiko.transport: [chan 0] Max packet in: 32768 bytes
DEB [20180131-17:13:08.984] thr=1   paramiko.transport: [chan 0] Max packet out: 32768 bytes
DEB [20180131-17:13:08.984] thr=1   paramiko.transport: Secsh channel 0 opened.
DEB [20180131-17:13:08.985] thr=1   paramiko.transport: [chan 0] Sesch channel 0 request ok
DEB [20180131-17:13:08.987] thr=1   paramiko.transport: [chan 0] Sesch channel 0 request ok
DEB [20180131-17:13:51.517] thr=1   paramiko.transport: [chan 0] EOF received (0)
DEB [20180131-17:13:51.517] thr=1   paramiko.transport: [chan 0] EOF sent (0)
DEB [20180131-17:13:52.214] thr=1   paramiko.transport: EOF in transport thread
DEB [20180131-17:13:56.794] thr=1   paramiko.transport: starting thread (client mode): 0xaf4337f0
DEB [20180131-17:13:56.794] thr=1   paramiko.transport: Local version/idstring: SSH-2.0-paramiko_2.3.1
DEB [20180131-17:13:56.798] thr=1   paramiko.transport: Remote version/idstring: SSH-2.0-OpenSSH_5.3
INF [20180131-17:13:56.798] thr=1   paramiko.transport: Connected (version 2.0, client OpenSSH_5.3)
DEB [20180131-17:13:56.800] thr=1   paramiko.transport: kex algos:['diffie-hellman-group-exchange-sha256', 'diffie-hellman-group-exchange-sha1', 'diffie-hellman-group14-sha1', 'diffie-hellman-group1-sha1'] server key:['ssh-rsa', 'ssh-dss'] client encrypt:['aes128-ctr', 'aes192-ctr', 'aes256-ctr', 'arcfour256', 'arcfour128', 'aes128-cbc', '3des-cbc', 'blowfish-cbc', 'cast128-cbc', 'aes192-cbc', 'aes256-cbc', 'arcfour', 'rijndael-cbc@lysator.liu.se'] server encrypt:['aes128-ctr', 'aes192-ctr', 'aes256-ctr', 'arcfour256', 'arcfour128', 'aes128-cbc', '3des-cbc', 'blowfish-cbc', 'cast128-cbc', 'aes192-cbc', 'aes256-cbc', 'arcfour', 'rijndael-cbc@lysator.liu.se'] client mac:['hmac-md5', 'hmac-sha1', 'umac-64@openssh.com', 'hmac-sha2-256', 'hmac-sha2-512', 'hmac-ripemd160', 'hmac-ripemd160@openssh.com', 'hmac-sha1-96', 'hmac-md5-96'] server mac:['hmac-md5', 'hmac-sha1', 'umac-64@openssh.com', 'hmac-sha2-256', 'hmac-sha2-512', 'hmac-ripemd160', 'hmac-ripemd160@openssh.com', 'hmac-sha1-96', 'hmac-md5-96'] client compress:['none', 'zlib@openssh.com'] server compress:['none', 'zlib@openssh.com'] client lang:[''] server lang:[''] kex follows?False
DEB [20180131-17:13:56.800] thr=1   paramiko.transport: Kex agreed: diffie-hellman-group-exchange-sha256
DEB [20180131-17:13:56.800] thr=1   paramiko.transport: HostKey agreed: ssh-rsa
DEB [20180131-17:13:56.800] thr=1   paramiko.transport: Cipher agreed: aes128-ctr
DEB [20180131-17:13:56.800] thr=1   paramiko.transport: MAC agreed: hmac-sha2-256
DEB [20180131-17:13:56.800] thr=1   paramiko.transport: Compression agreed: none
DEB [20180131-17:13:56.802] thr=1   paramiko.transport: Got server p (2048 bits)
DEB [20180131-17:13:56.908] thr=1   paramiko.transport: kex engine KexGexSHA256 specified hash_algo <built-in function openssl_sha256>
DEB [20180131-17:13:56.909] thr=1   paramiko.transport: Switch to new keys ...
DEB [20180131-17:14:03.194] thr=1   paramiko.transport: userauth is OK
INF [20180131-17:14:03.199] thr=1   paramiko.transport: Authentication (password) successful!
DEB [20180131-17:14:03.200] thr=2   paramiko.transport: [chan 0] Max packet in: 32768 bytes
DEB [20180131-17:14:03.201] thr=1   paramiko.transport: [chan 0] Max packet out: 32768 bytes
DEB [20180131-17:14:03.201] thr=1   paramiko.transport: Secsh channel 0 opened.
DEB [20180131-17:14:03.201] thr=1   paramiko.transport: [chan 0] Sesch channel 0 request ok
DEB [20180131-17:14:03.203] thr=1   paramiko.transport: [chan 0] Sesch channel 0 request ok
DEB [20180131-17:46:40.290] thr=1   paramiko.transport: [chan 0] EOF received (0)
DEB [20180131-17:46:40.292] thr=1   paramiko.transport: [chan 0] EOF sent (0)
DEB [20180131-17:46:40.976] thr=1   paramiko.transport: EOF in transport thread
DEB [20180131-17:46:46.861] thr=1   paramiko.transport: starting thread (client mode): 0x11a538d0
DEB [20180131-17:46:46.862] thr=1   paramiko.transport: Local version/idstring: SSH-2.0-paramiko_2.3.1
DEB [20180131-17:46:46.865] thr=1   paramiko.transport: Remote version/idstring: SSH-2.0-OpenSSH_5.3
INF [20180131-17:46:46.865] thr=1   paramiko.transport: Connected (version 2.0, client OpenSSH_5.3)
DEB [20180131-17:46:46.866] thr=1   paramiko.transport: kex algos:['diffie-hellman-group-exchange-sha256', 'diffie-hellman-group-exchange-sha1', 'diffie-hellman-group14-sha1', 'diffie-hellman-group1-sha1'] server key:['ssh-rsa', 'ssh-dss'] client encrypt:['aes128-ctr', 'aes192-ctr', 'aes256-ctr', 'arcfour256', 'arcfour128', 'aes128-cbc', '3des-cbc', 'blowfish-cbc', 'cast128-cbc', 'aes192-cbc', 'aes256-cbc', 'arcfour', 'rijndael-cbc@lysator.liu.se'] server encrypt:['aes128-ctr', 'aes192-ctr', 'aes256-ctr', 'arcfour256', 'arcfour128', 'aes128-cbc', '3des-cbc', 'blowfish-cbc', 'cast128-cbc', 'aes192-cbc', 'aes256-cbc', 'arcfour', 'rijndael-cbc@lysator.liu.se'] client mac:['hmac-md5', 'hmac-sha1', 'umac-64@openssh.com', 'hmac-sha2-256', 'hmac-sha2-512', 'hmac-ripemd160', 'hmac-ripemd160@openssh.com', 'hmac-sha1-96', 'hmac-md5-96'] server mac:['hmac-md5', 'hmac-sha1', 'umac-64@openssh.com', 'hmac-sha2-256', 'hmac-sha2-512', 'hmac-ripemd160', 'hmac-ripemd160@openssh.com', 'hmac-sha1-96', 'hmac-md5-96'] client compress:['none', 'zlib@openssh.com'] server compress:['none', 'zlib@openssh.com'] client lang:[''] server lang:[''] kex follows?False
DEB [20180131-17:46:46.867] thr=1   paramiko.transport: Kex agreed: diffie-hellman-group-exchange-sha256
DEB [20180131-17:46:46.867] thr=1   paramiko.transport: HostKey agreed: ssh-rsa
DEB [20180131-17:46:46.867] thr=1   paramiko.transport: Cipher agreed: aes128-ctr
DEB [20180131-17:46:46.867] thr=1   paramiko.transport: MAC agreed: hmac-sha2-256
DEB [20180131-17:46:46.867] thr=1   paramiko.transport: Compression agreed: none
DEB [20180131-17:46:46.868] thr=1   paramiko.transport: Got server p (2048 bits)
DEB [20180131-17:46:46.973] thr=1   paramiko.transport: kex engine KexGexSHA256 specified hash_algo <built-in function openssl_sha256>
DEB [20180131-17:46:46.973] thr=1   paramiko.transport: Switch to new keys ...
DEB [20180131-17:46:52.523] thr=1   paramiko.transport: userauth is OK
INF [20180131-17:46:52.534] thr=1   paramiko.transport: Authentication (password) successful!
DEB [20180131-17:46:52.534] thr=2   paramiko.transport: [chan 0] Max packet in: 32768 bytes
DEB [20180131-17:46:52.537] thr=1   paramiko.transport: [chan 0] Max packet out: 32768 bytes
DEB [20180131-17:46:52.537] thr=1   paramiko.transport: Secsh channel 0 opened.
DEB [20180131-17:46:52.538] thr=1   paramiko.transport: [chan 0] Sesch channel 0 request ok
DEB [20180131-17:46:52.539] thr=1   paramiko.transport: [chan 0] Sesch channel 0 request ok
DEB [20180131-17:49:29.961] thr=1   paramiko.transport: [chan 0] EOF received (0)
DEB [20180131-17:49:29.962] thr=1   paramiko.transport: [chan 0] EOF sent (0)
DEB [20180131-17:49:30.232] thr=1   paramiko.transport: EOF in transport thread
DEB [20180131-17:49:34.789] thr=1   paramiko.transport: starting thread (client mode): 0xa2a238d0
DEB [20180131-17:49:34.790] thr=1   paramiko.transport: Local version/idstring: SSH-2.0-paramiko_2.3.1
DEB [20180131-17:49:34.793] thr=1   paramiko.transport: Remote version/idstring: SSH-2.0-OpenSSH_5.3
INF [20180131-17:49:34.793] thr=1   paramiko.transport: Connected (version 2.0, client OpenSSH_5.3)
DEB [20180131-17:49:34.793] thr=1   paramiko.transport: kex algos:['diffie-hellman-group-exchange-sha256', 'diffie-hellman-group-exchange-sha1', 'diffie-hellman-group14-sha1', 'diffie-hellman-group1-sha1'] server key:['ssh-rsa', 'ssh-dss'] client encrypt:['aes128-ctr', 'aes192-ctr', 'aes256-ctr', 'arcfour256', 'arcfour128', 'aes128-cbc', '3des-cbc', 'blowfish-cbc', 'cast128-cbc', 'aes192-cbc', 'aes256-cbc', 'arcfour', 'rijndael-cbc@lysator.liu.se'] server encrypt:['aes128-ctr', 'aes192-ctr', 'aes256-ctr', 'arcfour256', 'arcfour128', 'aes128-cbc', '3des-cbc', 'blowfish-cbc', 'cast128-cbc', 'aes192-cbc', 'aes256-cbc', 'arcfour', 'rijndael-cbc@lysator.liu.se'] client mac:['hmac-md5', 'hmac-sha1', 'umac-64@openssh.com', 'hmac-sha2-256', 'hmac-sha2-512', 'hmac-ripemd160', 'hmac-ripemd160@openssh.com', 'hmac-sha1-96', 'hmac-md5-96'] server mac:['hmac-md5', 'hmac-sha1', 'umac-64@openssh.com', 'hmac-sha2-256', 'hmac-sha2-512', 'hmac-ripemd160', 'hmac-ripemd160@openssh.com', 'hmac-sha1-96', 'hmac-md5-96'] client compress:['none', 'zlib@openssh.com'] server compress:['none', 'zlib@openssh.com'] client lang:[''] server lang:[''] kex follows?False
DEB [20180131-17:49:34.793] thr=1   paramiko.transport: Kex agreed: diffie-hellman-group-exchange-sha256
DEB [20180131-17:49:34.794] thr=1   paramiko.transport: HostKey agreed: ssh-rsa
DEB [20180131-17:49:34.794] thr=1   paramiko.transport: Cipher agreed: aes128-ctr
DEB [20180131-17:49:34.794] thr=1   paramiko.transport: MAC agreed: hmac-sha2-256
DEB [20180131-17:49:34.794] thr=1   paramiko.transport: Compression agreed: none
DEB [20180131-17:49:34.795] thr=1   paramiko.transport: Got server p (2048 bits)
DEB [20180131-17:49:34.902] thr=1   paramiko.transport: kex engine KexGexSHA256 specified hash_algo <built-in function openssl_sha256>
DEB [20180131-17:49:34.903] thr=1   paramiko.transport: Switch to new keys ...
DEB [20180131-17:49:41.387] thr=1   paramiko.transport: userauth is OK
INF [20180131-17:49:41.395] thr=1   paramiko.transport: Authentication (password) successful!
DEB [20180131-17:49:41.396] thr=2   paramiko.transport: [chan 0] Max packet in: 32768 bytes
DEB [20180131-17:49:41.396] thr=1   paramiko.transport: [chan 0] Max packet out: 32768 bytes
DEB [20180131-17:49:41.397] thr=1   paramiko.transport: Secsh channel 0 opened.
DEB [20180131-17:49:41.397] thr=1   paramiko.transport: [chan 0] Sesch channel 0 request ok
DEB [20180131-17:49:41.398] thr=1   paramiko.transport: [chan 0] Sesch channel 0 request ok
DEB [20180131-17:50:54.096] thr=1   paramiko.transport: [chan 0] EOF received (0)
DEB [20180131-17:50:54.097] thr=1   paramiko.transport: [chan 0] EOF sent (0)
DEB [20180131-17:50:55.036] thr=1   paramiko.transport: EOF in transport thread
DEB [20180131-17:51:01.437] thr=1   paramiko.transport: starting thread (client mode): 0xcda13898
DEB [20180131-17:51:01.438] thr=1   paramiko.transport: Local version/idstring: SSH-2.0-paramiko_2.3.1
DEB [20180131-17:51:01.440] thr=1   paramiko.transport: Remote version/idstring: SSH-2.0-OpenSSH_5.3
INF [20180131-17:51:01.441] thr=1   paramiko.transport: Connected (version 2.0, client OpenSSH_5.3)
DEB [20180131-17:51:01.443] thr=1   paramiko.transport: kex algos:['diffie-hellman-group-exchange-sha256', 'diffie-hellman-group-exchange-sha1', 'diffie-hellman-group14-sha1', 'diffie-hellman-group1-sha1'] server key:['ssh-rsa', 'ssh-dss'] client encrypt:['aes128-ctr', 'aes192-ctr', 'aes256-ctr', 'arcfour256', 'arcfour128', 'aes128-cbc', '3des-cbc', 'blowfish-cbc', 'cast128-cbc', 'aes192-cbc', 'aes256-cbc', 'arcfour', 'rijndael-cbc@lysator.liu.se'] server encrypt:['aes128-ctr', 'aes192-ctr', 'aes256-ctr', 'arcfour256', 'arcfour128', 'aes128-cbc', '3des-cbc', 'blowfish-cbc', 'cast128-cbc', 'aes192-cbc', 'aes256-cbc', 'arcfour', 'rijndael-cbc@lysator.liu.se'] client mac:['hmac-md5', 'hmac-sha1', 'umac-64@openssh.com', 'hmac-sha2-256', 'hmac-sha2-512', 'hmac-ripemd160', 'hmac-ripemd160@openssh.com', 'hmac-sha1-96', 'hmac-md5-96'] server mac:['hmac-md5', 'hmac-sha1', 'umac-64@openssh.com', 'hmac-sha2-256', 'hmac-sha2-512', 'hmac-ripemd160', 'hmac-ripemd160@openssh.com', 'hmac-sha1-96', 'hmac-md5-96'] client compress:['none', 'zlib@openssh.com'] server compress:['none', 'zlib@openssh.com'] client lang:[''] server lang:[''] kex follows?False
DEB [20180131-17:51:01.443] thr=1   paramiko.transport: Kex agreed: diffie-hellman-group-exchange-sha256
DEB [20180131-17:51:01.443] thr=1   paramiko.transport: HostKey agreed: ssh-rsa
DEB [20180131-17:51:01.443] thr=1   paramiko.transport: Cipher agreed: aes128-ctr
DEB [20180131-17:51:01.443] thr=1   paramiko.transport: MAC agreed: hmac-sha2-256
DEB [20180131-17:51:01.443] thr=1   paramiko.transport: Compression agreed: none
DEB [20180131-17:51:01.444] thr=1   paramiko.transport: Got server p (2048 bits)
DEB [20180131-17:51:01.550] thr=1   paramiko.transport: kex engine KexGexSHA256 specified hash_algo <built-in function openssl_sha256>
DEB [20180131-17:51:01.550] thr=1   paramiko.transport: Switch to new keys ...
DEB [20180131-17:51:07.764] thr=1   paramiko.transport: userauth is OK
INF [20180131-17:51:07.771] thr=1   paramiko.transport: Authentication (password) successful!
DEB [20180131-17:51:07.771] thr=2   paramiko.transport: [chan 0] Max packet in: 32768 bytes
DEB [20180131-17:51:07.773] thr=1   paramiko.transport: [chan 0] Max packet out: 32768 bytes
DEB [20180131-17:51:07.774] thr=1   paramiko.transport: Secsh channel 0 opened.
DEB [20180131-17:51:07.775] thr=1   paramiko.transport: [chan 0] Sesch channel 0 request ok
DEB [20180131-17:51:07.777] thr=1   paramiko.transport: [chan 0] Sesch channel 0 request ok
DEB [20180131-17:51:11.121] thr=1   paramiko.transport: [chan 0] EOF received (0)
DEB [20180131-17:51:11.122] thr=1   paramiko.transport: [chan 0] EOF sent (0)
DEB [20180131-17:51:11.293] thr=1   paramiko.transport: EOF in transport thread
